123
safdaf






Start training with AE_CrossAttn_hl96_hs64
Params: seq_len:96, hid_len:96, input_size:7, hid_size:64, individual:False
(461780, 7)
epoch:0/100, loss:0.002878, loss_min:inf, time:44.62
0.0028777066216656238 8.987077779461742 3123
save model. Early stop count:0/4

epoch:1/100, loss:0.001209, loss_min:0.002878, time:44.54
0.001208669942176532 3.7746762294173095 3123
save model. Early stop count:0/4

epoch:2/100, loss:0.000749, loss_min:0.001209, time:45.62
0.0007491969509861395 2.3397420779297136 3123
save model. Early stop count:0/4

epoch:3/100, loss:0.000426, loss_min:0.000749, time:44.69
0.0004257496170532082 1.329616054057169 3123
save model. Early stop count:0/4

epoch:4/100, loss:0.000282, loss_min:0.000426, time:45.26
0.0002818178095182402 0.8801170191254641 3123
save model. Early stop count:0/4

epoch:5/100, loss:0.001063, loss_min:0.000282, time:44.84
0.0010629587456034712 3.319620162519641 3123
Early stop count:1/4

epoch:6/100, loss:0.000265, loss_min:0.000282, time:43.46
0.0002646688946817962 0.8265609580912496 3123
save model. Early stop count:0/4

epoch:7/100, loss:0.002889, loss_min:0.000265, time:44.44
0.002889374753390864 9.023517354839669 3123
Early stop count:1/4

epoch:8/100, loss:0.000287, loss_min:0.000265, time:43.56
0.0002869941389769716 0.8962826960250823 3123
Early stop count:2/4

epoch:9/100, loss:0.000277, loss_min:0.000265, time:44.42
0.0002767985722400654 0.8644419411057243 3123
Early stop count:3/4

epoch:10/100, loss:0.000239, loss_min:0.000265, time:42.43
0.00023914647223600483 0.7468544327930431 3123
save model. Early stop count:0/4

epoch:11/100, loss:0.000172, loss_min:0.000239, time:42.76
0.00017190407381976658 0.536856422539131 3123
save model. Early stop count:0/4

epoch:12/100, loss:0.000149, loss_min:0.000172, time:42.37
0.00014851654089252604 0.46381715720735883 3123
save model. Early stop count:0/4

epoch:13/100, loss:0.001147, loss_min:0.000149, time:42.31
0.0011468663836583948 3.581663716165167 3123
Early stop count:1/4

epoch:14/100, loss:0.000158, loss_min:0.000149, time:42.68
0.000157504922215686 0.4918878720795874 3123
Early stop count:2/4

epoch:15/100, loss:0.000198, loss_min:0.000149, time:43.17
0.00019849202152265056 0.6198905832152377 3123
Early stop count:3/4

epoch:16/100, loss:0.000143, loss_min:0.000149, time:43.25
0.00014325025143123958 0.4473705352197612 3123
save model. Early stop count:0/4

epoch:17/100, loss:0.000139, loss_min:0.000143, time:43.21
0.00013910690401329573 0.4344308612335226 3123
save model. Early stop count:0/4

epoch:18/100, loss:0.000146, loss_min:0.000139, time:42.77
0.0001460956752247453 0.45625679372687955 3123
Early stop count:1/4

epoch:19/100, loss:0.000131, loss_min:0.000139, time:42.94
0.00013096769293486133 0.40901210503557195 3123
save model. Early stop count:0/4

epoch:20/100, loss:0.000129, loss_min:0.000131, time:43.54
0.00012876052120461127 0.402119107722001 3123
save model. Early stop count:0/4

epoch:21/100, loss:0.000132, loss_min:0.000129, time:44.07
0.00013241614820663148 0.4135356308493101 3123
Early stop count:1/4

epoch:22/100, loss:0.000144, loss_min:0.000129, time:44.15
0.00014406264436583058 0.4499076383544889 3123
Early stop count:2/4

epoch:23/100, loss:0.000127, loss_min:0.000129, time:44.42
0.00012689288213915657 0.396286470920586 3123
save model. Early stop count:0/4

epoch:24/100, loss:0.000143, loss_min:0.000127, time:44.68
0.0001429018619709636 0.44628251493531934 3123
Early stop count:1/4

epoch:25/100, loss:0.000123, loss_min:0.000127, time:44.98
0.00012297964806903136 0.38406544091958494 3123
save model. Early stop count:0/4

epoch:26/100, loss:0.00012, loss_min:0.000123, time:43.32
0.00011974672449918577 0.37396902061095716 3123
save model. Early stop count:0/4

epoch:27/100, loss:0.000124, loss_min:0.00012, time:44.82
0.00012356608385474655 0.3858968798783735 3123
Early stop count:1/4

epoch:28/100, loss:0.000124, loss_min:0.00012, time:45.45
0.00012403301027604993 0.387355091092104 3123
Early stop count:2/4

epoch:29/100, loss:0.000129, loss_min:0.00012, time:45.42
0.00012853706022349995 0.4014212390779903 3123
Early stop count:3/4

epoch:30/100, loss:0.000119, loss_min:0.00012, time:45.04
0.00011884147181772312 0.3711419164867493 3123
save model. Early stop count:0/4

epoch:31/100, loss:0.000121, loss_min:0.000119, time:45.08
0.00012097618296777773 0.37780861940836985 3123
Early stop count:1/4

epoch:32/100, loss:0.000116, loss_min:0.000119, time:43.87
0.00011606731810489792 0.3624782344415962 3123
save model. Early stop count:0/4

epoch:33/100, loss:0.000242, loss_min:0.000116, time:42.5
0.0002421337910111145 0.7561838293277106 3123
Early stop count:1/4

epoch:34/100, loss:0.000146, loss_min:0.000116, time:42.37
0.00014574815333606668 0.45517148286853626 3123
Early stop count:2/4

epoch:35/100, loss:0.000121, loss_min:0.000116, time:42.21
0.0001211252436535516 0.37827413593004167 3123
Early stop count:3/4

epoch:36/100, loss:0.000116, loss_min:0.000116, time:42.69
0.00011597178774900327 0.3621798931401372 3123
save model. Early stop count:0/4

epoch:37/100, loss:0.000122, loss_min:0.000116, time:42.57
0.00012202520188459534 0.38108470548559126 3123
Early stop count:1/4

epoch:38/100, loss:0.000118, loss_min:0.000116, time:43.04
0.00011838700488381281 0.3697226162521474 3123
Early stop count:2/4

epoch:39/100, loss:0.000126, loss_min:0.000116, time:42.6
0.00012633031917168113 0.3945295867731602 3123
Early stop count:3/4

epoch:40/100, loss:0.003472, loss_min:0.000116, time:42.9
0.0034720200623737482 10.843118654793216 3123
Early stop count:4/4

early stop
test loss:0.14995864469302833
(199808, 96, 7)
(199808, 7)
(19181568, 7) (19181568, 7)
